# JRE version: OpenJDK Runtime Environment Temurin-17.0.13+11 (17.0.13+11) (build 17.0.13+11)
# Java VM: OpenJDK 64-Bit Server VM Temurin-17.0.13+11 (17.0.13+11, mixed mode, tiered, compressed oops, compressed class ptrs, parallel gc, windows-amd64)
GC Precious Log:
 CPUs: 8 total, 8 available
 Memory: 16167M
 Large Page Support: Disabled
 NUMA Support: Disabled
 Compressed Oops: Enabled (32-bit)
 Alignments: Space 512K, Generation 512K, Heap 2M
 Heap Min Capacity: 100M
 Heap Initial Capacity: 100M
 Heap Max Capacity: 1G
 Pre-touch: Disabled
 Parallel Workers: 8
Heap:
 PSYoungGen      total 22528K, used 21487K [0x00000000eab00000, 0x00000000ec680000, 0x0000000100000000)
  eden space 22016K, 95% used [0x00000000eab00000,0x00000000ebf83290,0x00000000ec080000)
  from space 512K, 94% used [0x00000000ec480000,0x00000000ec4f8b78,0x00000000ec500000)
  to   space 3072K, 0% used [0x00000000ec080000,0x00000000ec080000,0x00000000ec380000)
 ParOldGen       total 68608K, used 19836K [0x00000000c0000000, 0x00000000c4300000, 0x00000000eab00000)
  object space 68608K, 28% used [0x00000000c0000000,0x00000000c135f008,0x00000000c4300000)
 Metaspace       used 52632K, committed 53696K, reserved 1114112K
  class space    used 5684K, committed 6144K, reserved 1048576K
GC Heap History (20 events):
Event: 12.627 GC heap before
{Heap before GC invocations=9 (full 1):
 PSYoungGen      total 27648K, used 27626K [0x00000000eab00000, 0x00000000ecc00000, 0x0000000100000000)
  eden space 24576K, 100% used [0x00000000eab00000,0x00000000ec300000,0x00000000ec300000)
  from space 3072K, 99% used [0x00000000ec480000,0x00000000ec77a9e8,0x00000000ec780000)
  to   space 4608K, 0% used [0x00000000ec780000,0x00000000ec780000,0x00000000ecc00000)
 ParOldGen       total 68608K, used 11473K [0x00000000c0000000, 0x00000000c4300000, 0x00000000eab00000)
  object space 68608K, 16% used [0x00000000c0000000,0x00000000c0b345f8,0x00000000c4300000)
 Metaspace       used 30033K, committed 30656K, reserved 1114112K
  class space    used 2955K, committed 3200K, reserved 1048576K
}
Event: 12.628 GC heap after
{Heap after GC invocations=9 (full 1):
 PSYoungGen      total 27136K, used 2849K [0x00000000eab00000, 0x00000000eca80000, 0x0000000100000000)
  eden space 24064K, 0% used [0x00000000eab00000,0x00000000eab00000,0x00000000ec280000)
  from space 3072K, 92% used [0x00000000ec780000,0x00000000eca48588,0x00000000eca80000)
  to   space 3584K, 0% used [0x00000000ec380000,0x00000000ec380000,0x00000000ec700000)
 ParOldGen       total 68608K, used 11481K [0x00000000c0000000, 0x00000000c4300000, 0x00000000eab00000)
  object space 68608K, 16% used [0x00000000c0000000,0x00000000c0b365f8,0x00000000c4300000)
 Metaspace       used 30033K, committed 30656K, reserved 1114112K
  class space    used 2955K, committed 3200K, reserved 1048576K
}
Event: 12.736 GC heap before
{Heap before GC invocations=10 (full 1):
 PSYoungGen      total 27136K, used 26913K [0x00000000eab00000, 0x00000000eca80000, 0x0000000100000000)
  eden space 24064K, 100% used [0x00000000eab00000,0x00000000ec280000,0x00000000ec280000)
  from space 3072K, 92% used [0x00000000ec780000,0x00000000eca48588,0x00000000eca80000)
  to   space 3584K, 0% used [0x00000000ec380000,0x00000000ec380000,0x00000000ec700000)
 ParOldGen       total 68608K, used 11481K [0x00000000c0000000, 0x00000000c4300000, 0x00000000eab00000)
  object space 68608K, 16% used [0x00000000c0000000,0x00000000c0b365f8,0x00000000c4300000)
 Metaspace       used 31869K, committed 32448K, reserved 1114112K
  class space    used 3095K, committed 3328K, reserved 1048576K
}
Event: 12.738 GC heap after
{Heap after GC invocations=10 (full 1):
 PSYoungGen      total 27136K, used 3349K [0x00000000eab00000, 0x00000000ec900000, 0x0000000100000000)
  eden space 23552K, 0% used [0x00000000eab00000,0x00000000eab00000,0x00000000ec200000)
  from space 3584K, 93% used [0x00000000ec380000,0x00000000ec6c5580,0x00000000ec700000)
  to   space 2048K, 0% used [0x00000000ec700000,0x00000000ec700000,0x00000000ec900000)
 ParOldGen       total 68608K, used 12671K [0x00000000c0000000, 0x00000000c4300000, 0x00000000eab00000)
  object space 68608K, 18% used [0x00000000c0000000,0x00000000c0c5fc00,0x00000000c4300000)
 Metaspace       used 31869K, committed 32448K, reserved 1114112K
  class space    used 3095K, committed 3328K, reserved 1048576K
}
Event: 13.030 GC heap before
{Heap before GC invocations=11 (full 1):
 PSYoungGen      total 27136K, used 25182K [0x00000000eab00000, 0x00000000ec900000, 0x0000000100000000)
  eden space 23552K, 92% used [0x00000000eab00000,0x00000000ec0525e8,0x00000000ec200000)
  from space 3584K, 93% used [0x00000000ec380000,0x00000000ec6c5580,0x00000000ec700000)
  to   space 2048K, 0% used [0x00000000ec700000,0x00000000ec700000,0x00000000ec900000)
 ParOldGen       total 68608K, used 12671K [0x00000000c0000000, 0x00000000c4300000, 0x00000000eab00000)
  object space 68608K, 18% used [0x00000000c0000000,0x00000000c0c5fc00,0x00000000c4300000)
 Metaspace       used 35116K, committed 35840K, reserved 1114112K
  class space    used 3427K, committed 3712K, reserved 1048576K
}
Event: 13.031 GC heap after
{Heap after GC invocations=11 (full 1):
 PSYoungGen      total 25600K, used 2044K [0x00000000eab00000, 0x00000000ecb00000, 0x0000000100000000)
  eden space 23552K, 0% used [0x00000000eab00000,0x00000000eab00000,0x00000000ec200000)
  from space 2048K, 99% used [0x00000000ec700000,0x00000000ec8ff108,0x00000000ec900000)
  to   space 4608K, 0% used [0x00000000ec200000,0x00000000ec200000,0x00000000ec680000)
 ParOldGen       total 68608K, used 15003K [0x00000000c0000000, 0x00000000c4300000, 0x00000000eab00000)
  object space 68608K, 21% used [0x00000000c0000000,0x00000000c0ea6c28,0x00000000c4300000)
 Metaspace       used 35116K, committed 35840K, reserved 1114112K
  class space    used 3427K, committed 3712K, reserved 1048576K
}
Event: 13.031 GC heap before
{Heap before GC invocations=12 (full 2):
 PSYoungGen      total 25600K, used 2044K [0x00000000eab00000, 0x00000000ecb00000, 0x0000000100000000)
  eden space 23552K, 0% used [0x00000000eab00000,0x00000000eab00000,0x00000000ec200000)
  from space 2048K, 99% used [0x00000000ec700000,0x00000000ec8ff108,0x00000000ec900000)
  to   space 4608K, 0% used [0x00000000ec200000,0x00000000ec200000,0x00000000ec680000)
 ParOldGen       total 68608K, used 15003K [0x00000000c0000000, 0x00000000c4300000, 0x00000000eab00000)
  object space 68608K, 21% used [0x00000000c0000000,0x00000000c0ea6c28,0x00000000c4300000)
 Metaspace       used 35116K, committed 35840K, reserved 1114112K
  class space    used 3427K, committed 3712K, reserved 1048576K
}
Event: 13.049 GC heap after
{Heap after GC invocations=12 (full 2):
 PSYoungGen      total 25600K, used 0K [0x00000000eab00000, 0x00000000ecb00000, 0x0000000100000000)
  eden space 23552K, 0% used [0x00000000eab00000,0x00000000eab00000,0x00000000ec200000)
  from space 2048K, 0% used [0x00000000ec700000,0x00000000ec700000,0x00000000ec900000)
  to   space 4608K, 0% used [0x00000000ec200000,0x00000000ec200000,0x00000000ec680000)
 ParOldGen       total 68608K, used 15012K [0x00000000c0000000, 0x00000000c4300000, 0x00000000eab00000)
  object space 68608K, 21% used [0x00000000c0000000,0x00000000c0ea91b8,0x00000000c4300000)
 Metaspace       used 35103K, committed 35840K, reserved 1114112K
  class space    used 3423K, committed 3712K, reserved 1048576K
}
Event: 13.269 GC heap before
{Heap before GC invocations=13 (full 2):
 PSYoungGen      total 25600K, used 23552K [0x00000000eab00000, 0x00000000ecb00000, 0x0000000100000000)
  eden space 23552K, 100% used [0x00000000eab00000,0x00000000ec200000,0x00000000ec200000)
  from space 2048K, 0% used [0x00000000ec700000,0x00000000ec700000,0x00000000ec900000)
  to   space 4608K, 0% used [0x00000000ec200000,0x00000000ec200000,0x00000000ec680000)
 ParOldGen       total 68608K, used 15012K [0x00000000c0000000, 0x00000000c4300000, 0x00000000eab00000)
  object space 68608K, 21% used [0x00000000c0000000,0x00000000c0ea91b8,0x00000000c4300000)
 Metaspace       used 38256K, committed 39168K, reserved 1114112K
  class space    used 3801K, committed 4224K, reserved 1048576K
}
Event: 13.270 GC heap after
{Heap after GC invocations=13 (full 2):
 PSYoungGen      total 24576K, used 1050K [0x00000000eab00000, 0x00000000ec780000, 0x0000000100000000)
  eden space 23040K, 0% used [0x00000000eab00000,0x00000000eab00000,0x00000000ec180000)
  from space 1536K, 68% used [0x00000000ec200000,0x00000000ec306978,0x00000000ec380000)
  to   space 2560K, 0% used [0x00000000ec500000,0x00000000ec500000,0x00000000ec780000)
 ParOldGen       total 68608K, used 15020K [0x00000000c0000000, 0x00000000c4300000, 0x00000000eab00000)
  object space 68608K, 21% used [0x00000000c0000000,0x00000000c0eab1b8,0x00000000c4300000)
 Metaspace       used 38256K, committed 39168K, reserved 1114112K
  class space    used 3801K, committed 4224K, reserved 1048576K
}
Event: 13.481 GC heap before
{Heap before GC invocations=14 (full 2):
 PSYoungGen      total 24576K, used 24090K [0x00000000eab00000, 0x00000000ec780000, 0x0000000100000000)
  eden space 23040K, 100% used [0x00000000eab00000,0x00000000ec180000,0x00000000ec180000)
  from space 1536K, 68% used [0x00000000ec200000,0x00000000ec306978,0x00000000ec380000)
  to   space 2560K, 0% used [0x00000000ec500000,0x00000000ec500000,0x00000000ec780000)
 ParOldGen       total 68608K, used 15020K [0x00000000c0000000, 0x00000000c4300000, 0x00000000eab00000)
  object space 68608K, 21% used [0x00000000c0000000,0x00000000c0eab1b8,0x00000000c4300000)
 Metaspace       used 41290K, committed 42240K, reserved 1114112K
  class space    used 4191K, committed 4608K, reserved 1048576K
}
Event: 13.483 GC heap after
{Heap after GC invocations=14 (full 2):
 PSYoungGen      total 24064K, used 1056K [0x00000000eab00000, 0x00000000ec680000, 0x0000000100000000)
  eden space 22528K, 0% used [0x00000000eab00000,0x00000000eab00000,0x00000000ec100000)
  from space 1536K, 68% used [0x00000000ec500000,0x00000000ec608000,0x00000000ec680000)
  to   space 1536K, 0% used [0x00000000ec380000,0x00000000ec380000,0x00000000ec500000)
 ParOldGen       total 68608K, used 15910K [0x00000000c0000000, 0x00000000c4300000, 0x00000000eab00000)
  object space 68608K, 23% used [0x00000000c0000000,0x00000000c0f899f8,0x00000000c4300000)
 Metaspace       used 41290K, committed 42240K, reserved 1114112K
  class space    used 4191K, committed 4608K, reserved 1048576K
}
Event: 13.709 GC heap before
{Heap before GC invocations=15 (full 2):
 PSYoungGen      total 24064K, used 23584K [0x00000000eab00000, 0x00000000ec680000, 0x0000000100000000)
  eden space 22528K, 100% used [0x00000000eab00000,0x00000000ec100000,0x00000000ec100000)
  from space 1536K, 68% used [0x00000000ec500000,0x00000000ec608000,0x00000000ec680000)
  to   space 1536K, 0% used [0x00000000ec380000,0x00000000ec380000,0x00000000ec500000)
 ParOldGen       total 68608K, used 15910K [0x00000000c0000000, 0x00000000c4300000, 0x00000000eab00000)
  object space 68608K, 23% used [0x00000000c0000000,0x00000000c0f899f8,0x00000000c4300000)
 Metaspace       used 43239K, committed 44224K, reserved 1114112K
  class space    used 4476K, committed 4928K, reserved 1048576K
}
Event: 13.711 GC heap after
{Heap after GC invocations=15 (full 2):
 PSYoungGen      total 23040K, used 608K [0x00000000eab00000, 0x00000000ec580000, 0x0000000100000000)
  eden space 22016K, 0% used [0x00000000eab00000,0x00000000eab00000,0x00000000ec080000)
  from space 1024K, 59% used [0x00000000ec380000,0x00000000ec418000,0x00000000ec480000)
  to   space 1024K, 0% used [0x00000000ec480000,0x00000000ec480000,0x00000000ec580000)
 ParOldGen       total 68608K, used 16814K [0x00000000c0000000, 0x00000000c4300000, 0x00000000eab00000)
  object space 68608K, 24% used [0x00000000c0000000,0x00000000c106ba08,0x00000000c4300000)
 Metaspace       used 43239K, committed 44224K, reserved 1114112K
  class space    used 4476K, committed 4928K, reserved 1048576K
}
Event: 13.920 GC heap before
{Heap before GC invocations=16 (full 2):
 PSYoungGen      total 23040K, used 22624K [0x00000000eab00000, 0x00000000ec580000, 0x0000000100000000)
  eden space 22016K, 100% used [0x00000000eab00000,0x00000000ec080000,0x00000000ec080000)
  from space 1024K, 59% used [0x00000000ec380000,0x00000000ec418000,0x00000000ec480000)
  to   space 1024K, 0% used [0x00000000ec480000,0x00000000ec480000,0x00000000ec580000)
 ParOldGen       total 68608K, used 16814K [0x00000000c0000000, 0x00000000c4300000, 0x00000000eab00000)
  object space 68608K, 24% used [0x00000000c0000000,0x00000000c106ba08,0x00000000c4300000)
 Metaspace       used 45263K, committed 46272K, reserved 1114112K
  class space    used 4740K, committed 5184K, reserved 1048576K
}
Event: 13.921 GC heap after
{Heap after GC invocations=16 (full 2):
 PSYoungGen      total 23040K, used 650K [0x00000000eab00000, 0x00000000ec580000, 0x0000000100000000)
  eden space 22016K, 0% used [0x00000000eab00000,0x00000000eab00000,0x00000000ec080000)
  from space 1024K, 63% used [0x00000000ec480000,0x00000000ec5229c0,0x00000000ec580000)
  to   space 1024K, 0% used [0x00000000ec380000,0x00000000ec380000,0x00000000ec480000)
 ParOldGen       total 68608K, used 17270K [0x00000000c0000000, 0x00000000c4300000, 0x00000000eab00000)
  object space 68608K, 25% used [0x00000000c0000000,0x00000000c10dda08,0x00000000c4300000)
 Metaspace       used 45263K, committed 46272K, reserved 1114112K
  class space    used 4740K, committed 5184K, reserved 1048576K
}
Event: 14.150 GC heap before
{Heap before GC invocations=17 (full 2):
 PSYoungGen      total 23040K, used 22666K [0x00000000eab00000, 0x00000000ec580000, 0x0000000100000000)
  eden space 22016K, 100% used [0x00000000eab00000,0x00000000ec080000,0x00000000ec080000)
  from space 1024K, 63% used [0x00000000ec480000,0x00000000ec5229c0,0x00000000ec580000)
  to   space 1024K, 0% used [0x00000000ec380000,0x00000000ec380000,0x00000000ec480000)
 ParOldGen       total 68608K, used 17270K [0x00000000c0000000, 0x00000000c4300000, 0x00000000eab00000)
  object space 68608K, 25% used [0x00000000c0000000,0x00000000c10dda08,0x00000000c4300000)
 Metaspace       used 47848K, committed 48768K, reserved 1114112K
  class space    used 5069K, committed 5504K, reserved 1048576K
}
Event: 14.151 GC heap after
{Heap after GC invocations=17 (full 2):
 PSYoungGen      total 23040K, used 1024K [0x00000000eab00000, 0x00000000ec500000, 0x0000000100000000)
  eden space 22016K, 0% used [0x00000000eab00000,0x00000000eab00000,0x00000000ec080000)
  from space 1024K, 100% used [0x00000000ec380000,0x00000000ec480000,0x00000000ec480000)
  to   space 512K, 0% used [0x00000000ec480000,0x00000000ec480000,0x00000000ec500000)
 ParOldGen       total 68608K, used 17798K [0x00000000c0000000, 0x00000000c4300000, 0x00000000eab00000)
  object space 68608K, 25% used [0x00000000c0000000,0x00000000c1161a08,0x00000000c4300000)
 Metaspace       used 47848K, committed 48768K, reserved 1114112K
  class space    used 5069K, committed 5504K, reserved 1048576K
}
Event: 14.401 GC heap before
{Heap before GC invocations=18 (full 2):
 PSYoungGen      total 23040K, used 23040K [0x00000000eab00000, 0x00000000ec500000, 0x0000000100000000)
  eden space 22016K, 100% used [0x00000000eab00000,0x00000000ec080000,0x00000000ec080000)
  from space 1024K, 100% used [0x00000000ec380000,0x00000000ec480000,0x00000000ec480000)
  to   space 512K, 0% used [0x00000000ec480000,0x00000000ec480000,0x00000000ec500000)
 ParOldGen       total 68608K, used 17798K [0x00000000c0000000, 0x00000000c4300000, 0x00000000eab00000)
  object space 68608K, 25% used [0x00000000c0000000,0x00000000c1161a08,0x00000000c4300000)
 Metaspace       used 50300K, committed 51264K, reserved 1114112K
  class space    used 5409K, committed 5824K, reserved 1048576K
}
Event: 14.403 GC heap after
{Heap after GC invocations=18 (full 2):
 PSYoungGen      total 22528K, used 482K [0x00000000eab00000, 0x00000000ec680000, 0x0000000100000000)
  eden space 22016K, 0% used [0x00000000eab00000,0x00000000eab00000,0x00000000ec080000)
  from space 512K, 94% used [0x00000000ec480000,0x00000000ec4f8b78,0x00000000ec500000)
  to   space 3072K, 0% used [0x00000000ec080000,0x00000000ec080000,0x00000000ec380000)
 ParOldGen       total 68608K, used 19836K [0x00000000c0000000, 0x00000000c4300000, 0x00000000eab00000)
  object space 68608K, 28% used [0x00000000c0000000,0x00000000c135f008,0x00000000c4300000)
 Metaspace       used 50300K, committed 51264K, reserved 1114112K
  class space    used 5409K, committed 5824K, reserved 1048576K
}

